<?xml version="1.0" encoding="UTF-8"?>
<!-- Generated by org.testng.reporters.JUnitReportReporter -->
<testsuite skipped="0" hostname="Sagar" name="com.crm.module.testcases.SampleTestcase" tests="1" failures="0" timestamp="04 Oct 2018 09:35:30 GMT" time="0.026" errors="0">
  <testcase name="login" time="0.026" classname="com.crm.module.testcases.SampleTestcase"/>
</testsuite> <!-- com.crm.module.testcases.SampleTestcase -->
